c:\users\user\documents\visual studio 2013\projects\win32project1\minesweeperdx\debug\minesweeperdx.pch
c:\users\user\documents\visual studio 2013\projects\win32project1\minesweeperdx\debug\vc120.pdb
c:\users\user\documents\visual studio 2013\projects\win32project1\minesweeperdx\debug\vc120.idb
c:\users\user\documents\visual studio 2013\projects\win32project1\minesweeperdx\debug\stdafx.obj
c:\users\user\documents\visual studio 2013\projects\win32project1\minesweeperdx\debug\minesweeperdx.obj
c:\users\user\documents\visual studio 2013\projects\win32project1\minesweeperdx\debug\graphics.obj
c:\users\user\documents\visual studio 2013\projects\win32project1\minesweeperdx\debug\loader.obj
c:\users\user\documents\visual studio 2013\projects\win32project1\debug\minesweeperdx.ilk
c:\users\user\documents\visual studio 2013\projects\win32project1\debug\minesweeperdx.exe
c:\users\user\documents\visual studio 2013\projects\win32project1\debug\minesweeperdx.pdb
c:\users\user\documents\visual studio 2013\projects\win32project1\minesweeperdx\debug\minesweeperdx.res
c:\users\user\documents\visual studio 2013\projects\win32project1\minesweeperdx\debug\minesweeperdx.tlog\cl.command.1.tlog
c:\users\user\documents\visual studio 2013\projects\win32project1\minesweeperdx\debug\minesweeperdx.tlog\cl.read.1.tlog
c:\users\user\documents\visual studio 2013\projects\win32project1\minesweeperdx\debug\minesweeperdx.tlog\cl.write.1.tlog
c:\users\user\documents\visual studio 2013\projects\win32project1\minesweeperdx\debug\minesweeperdx.tlog\link.command.1.tlog
c:\users\user\documents\visual studio 2013\projects\win32project1\minesweeperdx\debug\minesweeperdx.tlog\link.read.1.tlog
c:\users\user\documents\visual studio 2013\projects\win32project1\minesweeperdx\debug\minesweeperdx.tlog\link.write.1.tlog
c:\users\user\documents\visual studio 2013\projects\win32project1\minesweeperdx\debug\minesweeperdx.tlog\rc.command.1.tlog
c:\users\user\documents\visual studio 2013\projects\win32project1\minesweeperdx\debug\minesweeperdx.tlog\rc.read.1.tlog
c:\users\user\documents\visual studio 2013\projects\win32project1\minesweeperdx\debug\minesweeperdx.tlog\rc.write.1.tlog
